Determining if the pthread_create exist failed with the following output:
Change Dir: /home/chandan/catkin_ws/build/CMakeFiles/CMakeTmp

Run Build Command:"/usr/bin/make" "cmTC_05251/fast"
/usr/bin/make -f CMakeFiles/cmTC_05251.dir/build.make CMakeFiles/cmTC_05251.dir/build
make[1]: Entering directory '/home/chandan/catkin_ws/build/CMakeFiles/CMakeTmp'
Building C object CMakeFiles/cmTC_05251.dir/CheckSymbolExists.c.o
/usr/bin/x86_64-linux-gnu-gcc-7    -o CMakeFiles/cmTC_05251.dir/CheckSymbolExists.c.o   -c /home/chandan/catkin_ws/build/CMakeFiles/CMakeTmp/CheckSymbolExists.c
Linking C executable cmTC_05251
/usr/bin/cmake -E cmake_link_script CMakeFiles/cmTC_05251.dir/link.txt --verbose=1
/usr/bin/x86_64-linux-gnu-gcc-7      -rdynamic CMakeFiles/cmTC_05251.dir/CheckSymbolExists.c.o  -o cmTC_05251 
CMakeFiles/cmTC_05251.dir/CheckSymbolExists.c.o: In function `main':
CheckSymbolExists.c:(.text+0x1b): undefined reference to `pthread_create'
collect2: error: ld returned 1 exit status
CMakeFiles/cmTC_05251.dir/build.make:97: recipe for target 'cmTC_05251' failed
make[1]: *** [cmTC_05251] Error 1
make[1]: Leaving directory '/home/chandan/catkin_ws/build/CMakeFiles/CMakeTmp'
Makefile:126: recipe for target 'cmTC_05251/fast' failed
make: *** [cmTC_05251/fast] Error 2

File /home/chandan/catkin_ws/build/CMakeFiles/CMakeTmp/CheckSymbolExists.c:
/* */
#include <pthread.h>

int main(int argc, char** argv)
{
  (void)argv;
#ifndef pthread_create
  return ((int*)(&pthread_create))[argc];
#else
  (void)argc;
  return 0;
#endif
}

Determining if the function pthread_create exists in the pthreads failed with the following output:
Change Dir: /home/chandan/catkin_ws/build/CMakeFiles/CMakeTmp

Run Build Command:"/usr/bin/make" "cmTC_6d91d/fast"
/usr/bin/make -f CMakeFiles/cmTC_6d91d.dir/build.make CMakeFiles/cmTC_6d91d.dir/build
make[1]: Entering directory '/home/chandan/catkin_ws/build/CMakeFiles/CMakeTmp'
Building C object CMakeFiles/cmTC_6d91d.dir/CheckFunctionExists.c.o
/usr/bin/x86_64-linux-gnu-gcc-7   -DCHECK_FUNCTION_EXISTS=pthread_create   -o CMakeFiles/cmTC_6d91d.dir/CheckFunctionExists.c.o   -c /usr/share/cmake-3.10/Modules/CheckFunctionExists.c
Linking C executable cmTC_6d91d
/usr/bin/cmake -E cmake_link_script CMakeFiles/cmTC_6d91d.dir/link.txt --verbose=1
/usr/bin/x86_64-linux-gnu-gcc-7  -DCHECK_FUNCTION_EXISTS=pthread_create    -rdynamic CMakeFiles/cmTC_6d91d.dir/CheckFunctionExists.c.o  -o cmTC_6d91d -lpthreads 
/usr/bin/ld: cannot find -lpthreads
collect2: error: ld returned 1 exit status
CMakeFiles/cmTC_6d91d.dir/build.make:97: recipe for target 'cmTC_6d91d' failed
make[1]: *** [cmTC_6d91d] Error 1
make[1]: Leaving directory '/home/chandan/catkin_ws/build/CMakeFiles/CMakeTmp'
Makefile:126: recipe for target 'cmTC_6d91d/fast' failed
make: *** [cmTC_6d91d/fast] Error 2


Determining if the CL_VERSION_2_0 exist failed with the following output:
Change Dir: /home/chandan/catkin_ws/build/CMakeFiles/CMakeTmp

Run Build Command:"/usr/bin/make" "cmTC_0ce9e/fast"
/usr/bin/make -f CMakeFiles/cmTC_0ce9e.dir/build.make CMakeFiles/cmTC_0ce9e.dir/build
make[1]: Entering directory '/home/chandan/catkin_ws/build/CMakeFiles/CMakeTmp'
Building C object CMakeFiles/cmTC_0ce9e.dir/CheckSymbolExists.c.o
/usr/bin/x86_64-linux-gnu-gcc-7    -o CMakeFiles/cmTC_0ce9e.dir/CheckSymbolExists.c.o   -c /home/chandan/catkin_ws/build/CMakeFiles/CMakeTmp/CheckSymbolExists.c
/home/chandan/catkin_ws/build/CMakeFiles/CMakeTmp/CheckSymbolExists.c:2:10: fatal error: OpenCL_INCLUDE_DIR-NOTFOUND/CL/cl.h: No such file or directory
 #include <OpenCL_INCLUDE_DIR-NOTFOUND/CL/cl.h>
          ^~~~~~~~~~~~~~~~~~~~~~~~~~~~~~~~~~~~~
compilation terminated.
CMakeFiles/cmTC_0ce9e.dir/build.make:65: recipe for target 'CMakeFiles/cmTC_0ce9e.dir/CheckSymbolExists.c.o' failed
make[1]: *** [CMakeFiles/cmTC_0ce9e.dir/CheckSymbolExists.c.o] Error 1
make[1]: Leaving directory '/home/chandan/catkin_ws/build/CMakeFiles/CMakeTmp'
Makefile:126: recipe for target 'cmTC_0ce9e/fast' failed
make: *** [cmTC_0ce9e/fast] Error 2

File /home/chandan/catkin_ws/build/CMakeFiles/CMakeTmp/CheckSymbolExists.c:
/* */
#include <OpenCL_INCLUDE_DIR-NOTFOUND/CL/cl.h>

int main(int argc, char** argv)
{
  (void)argv;
#ifndef CL_VERSION_2_0
  return ((int*)(&CL_VERSION_2_0))[argc];
#else
  (void)argc;
  return 0;
#endif
}

Determining if the CL_VERSION_1_2 exist failed with the following output:
Change Dir: /home/chandan/catkin_ws/build/CMakeFiles/CMakeTmp

Run Build Command:"/usr/bin/make" "cmTC_f8990/fast"
/usr/bin/make -f CMakeFiles/cmTC_f8990.dir/build.make CMakeFiles/cmTC_f8990.dir/build
make[1]: Entering directory '/home/chandan/catkin_ws/build/CMakeFiles/CMakeTmp'
Building C object CMakeFiles/cmTC_f8990.dir/CheckSymbolExists.c.o
/usr/bin/x86_64-linux-gnu-gcc-7    -o CMakeFiles/cmTC_f8990.dir/CheckSymbolExists.c.o   -c /home/chandan/catkin_ws/build/CMakeFiles/CMakeTmp/CheckSymbolExists.c
/home/chandan/catkin_ws/build/CMakeFiles/CMakeTmp/CheckSymbolExists.c:2:10: fatal error: OpenCL_INCLUDE_DIR-NOTFOUND/CL/cl.h: No such file or directory
 #include <OpenCL_INCLUDE_DIR-NOTFOUND/CL/cl.h>
          ^~~~~~~~~~~~~~~~~~~~~~~~~~~~~~~~~~~~~
compilation terminated.
CMakeFiles/cmTC_f8990.dir/build.make:65: recipe for target 'CMakeFiles/cmTC_f8990.dir/CheckSymbolExists.c.o' failed
make[1]: *** [CMakeFiles/cmTC_f8990.dir/CheckSymbolExists.c.o] Error 1
make[1]: Leaving directory '/home/chandan/catkin_ws/build/CMakeFiles/CMakeTmp'
Makefile:126: recipe for target 'cmTC_f8990/fast' failed
make: *** [cmTC_f8990/fast] Error 2

File /home/chandan/catkin_ws/build/CMakeFiles/CMakeTmp/CheckSymbolExists.c:
/* */
#include <OpenCL_INCLUDE_DIR-NOTFOUND/CL/cl.h>

int main(int argc, char** argv)
{
  (void)argv;
#ifndef CL_VERSION_1_2
  return ((int*)(&CL_VERSION_1_2))[argc];
#else
  (void)argc;
  return 0;
#endif
}

Determining if the CL_VERSION_1_1 exist failed with the following output:
Change Dir: /home/chandan/catkin_ws/build/CMakeFiles/CMakeTmp

Run Build Command:"/usr/bin/make" "cmTC_3f775/fast"
/usr/bin/make -f CMakeFiles/cmTC_3f775.dir/build.make CMakeFiles/cmTC_3f775.dir/build
make[1]: Entering directory '/home/chandan/catkin_ws/build/CMakeFiles/CMakeTmp'
Building C object CMakeFiles/cmTC_3f775.dir/CheckSymbolExists.c.o
/usr/bin/x86_64-linux-gnu-gcc-7    -o CMakeFiles/cmTC_3f775.dir/CheckSymbolExists.c.o   -c /home/chandan/catkin_ws/build/CMakeFiles/CMakeTmp/CheckSymbolExists.c
/home/chandan/catkin_ws/build/CMakeFiles/CMakeTmp/CheckSymbolExists.c:2:10: fatal error: OpenCL_INCLUDE_DIR-NOTFOUND/CL/cl.h: No such file or directory
 #include <OpenCL_INCLUDE_DIR-NOTFOUND/CL/cl.h>
          ^~~~~~~~~~~~~~~~~~~~~~~~~~~~~~~~~~~~~
compilation terminated.
CMakeFiles/cmTC_3f775.dir/build.make:65: recipe for target 'CMakeFiles/cmTC_3f775.dir/CheckSymbolExists.c.o' failed
make[1]: *** [CMakeFiles/cmTC_3f775.dir/CheckSymbolExists.c.o] Error 1
make[1]: Leaving directory '/home/chandan/catkin_ws/build/CMakeFiles/CMakeTmp'
Makefile:126: recipe for target 'cmTC_3f775/fast' failed
make: *** [cmTC_3f775/fast] Error 2

File /home/chandan/catkin_ws/build/CMakeFiles/CMakeTmp/CheckSymbolExists.c:
/* */
#include <OpenCL_INCLUDE_DIR-NOTFOUND/CL/cl.h>

int main(int argc, char** argv)
{
  (void)argv;
#ifndef CL_VERSION_1_1
  return ((int*)(&CL_VERSION_1_1))[argc];
#else
  (void)argc;
  return 0;
#endif
}

Determining if the CL_VERSION_1_0 exist failed with the following output:
Change Dir: /home/chandan/catkin_ws/build/CMakeFiles/CMakeTmp

Run Build Command:"/usr/bin/make" "cmTC_aee39/fast"
/usr/bin/make -f CMakeFiles/cmTC_aee39.dir/build.make CMakeFiles/cmTC_aee39.dir/build
make[1]: Entering directory '/home/chandan/catkin_ws/build/CMakeFiles/CMakeTmp'
Building C object CMakeFiles/cmTC_aee39.dir/CheckSymbolExists.c.o
/usr/bin/x86_64-linux-gnu-gcc-7    -o CMakeFiles/cmTC_aee39.dir/CheckSymbolExists.c.o   -c /home/chandan/catkin_ws/build/CMakeFiles/CMakeTmp/CheckSymbolExists.c
/home/chandan/catkin_ws/build/CMakeFiles/CMakeTmp/CheckSymbolExists.c:2:10: fatal error: OpenCL_INCLUDE_DIR-NOTFOUND/CL/cl.h: No such file or directory
 #include <OpenCL_INCLUDE_DIR-NOTFOUND/CL/cl.h>
          ^~~~~~~~~~~~~~~~~~~~~~~~~~~~~~~~~~~~~
compilation terminated.
CMakeFiles/cmTC_aee39.dir/build.make:65: recipe for target 'CMakeFiles/cmTC_aee39.dir/CheckSymbolExists.c.o' failed
make[1]: *** [CMakeFiles/cmTC_aee39.dir/CheckSymbolExists.c.o] Error 1
make[1]: Leaving directory '/home/chandan/catkin_ws/build/CMakeFiles/CMakeTmp'
Makefile:126: recipe for target 'cmTC_aee39/fast' failed
make: *** [cmTC_aee39/fast] Error 2

File /home/chandan/catkin_ws/build/CMakeFiles/CMakeTmp/CheckSymbolExists.c:
/* */
#include <OpenCL_INCLUDE_DIR-NOTFOUND/CL/cl.h>

int main(int argc, char** argv)
{
  (void)argv;
#ifndef CL_VERSION_1_0
  return ((int*)(&CL_VERSION_1_0))[argc];
#else
  (void)argc;
  return 0;
#endif
}

